<?xml version="1.0" encoding="UTF-8"?>
<testsuite name="com.emse.spring.faircorp.hello.GreetingServiceTest" tests="1" skipped="0" failures="0" errors="0" timestamp="2021-11-09T13:12:59" hostname="thinkpad-e14" time="0.16">
  <properties/>
  <testcase name="testGreeting(CapturedOutput)" classname="com.emse.spring.faircorp.hello.GreetingServiceTest" time="0.16"/>
  <system-out><![CDATA[Hello, Spring!
]]></system-out>
  <system-err><![CDATA[]]></system-err>
</testsuite>
