<?xml version="1.0" encoding="UTF-8"?>
<testsuite name="com.emse.spring.faircorp.hello.DummyUserServiceTest" tests="1" skipped="0" failures="0" errors="0" timestamp="2021-11-09T13:12:59" hostname="thinkpad-e14" time="0.013">
  <properties/>
  <testcase name="testGreetingAll(CapturedOutput)" classname="com.emse.spring.faircorp.hello.DummyUserServiceTest" time="0.013"/>
  <system-out><![CDATA[2021-11-09 14:12:59.724  INFO 27637 --- [    Test worker] o.s.t.c.s.DefaultTestContextBootstrapper : Neither @ContextConfiguration nor @ContextHierarchy found for test class [com.emse.spring.faircorp.hello.DummyUserServiceTest], using DelegatingSmartContextLoader
2021-11-09 14:12:59.726  INFO 27637 --- [    Test worker] o.s.t.c.support.AbstractContextLoader    : Could not detect default resource locations for test class [com.emse.spring.faircorp.hello.DummyUserServiceTest]: no resource found for suffixes {-context.xml}.
2021-11-09 14:12:59.729  INFO 27637 --- [    Test worker] c.s.AbstractDelegatingSmartContextLoader : AnnotationConfigContextLoader detected default configuration classes for context configuration [ContextConfigurationAttributes@5535e9 declaringClass = 'com.emse.spring.faircorp.hello.DummyUserServiceTest', classes = '{class com.emse.spring.faircorp.hello.DummyUserServiceTest$DummyUserServiceTestConfig}', locations = '{}', inheritLocations = false, initializers = '{}', inheritInitializers = true, name = [null], contextLoaderClass = 'org.springframework.test.context.ContextLoader'].
2021-11-09 14:12:59.733  INFO 27637 --- [    Test worker] o.s.t.c.s.DefaultTestContextBootstrapper : Loaded default TestExecutionListener class names from location [META-INF/spring.factories]: [org.springframework.boot.test.autoconfigure.restdocs.RestDocsTestExecutionListener, org.springframework.boot.test.autoconfigure.web.client.MockRestServiceServerResetTestExecutionListener, org.springframework.boot.test.autoconfigure.web.servlet.MockMvcPrintOnlyOnFailureTestExecutionListener, org.springframework.boot.test.autoconfigure.web.servlet.WebDriverTestExecutionListener, org.springframework.boot.test.autoconfigure.webservices.client.MockWebServiceServerTestExecutionListener, org.springframework.boot.test.mock.mockito.MockitoTestExecutionListener, org.springframework.boot.test.mock.mockito.ResetMocksTestExecutionListener, org.springframework.test.context.web.ServletTestExecutionListener, org.springframework.test.context.support.DirtiesContextBeforeModesTestExecutionListener, org.springframework.test.context.event.ApplicationEventsTestExecutionListener, org.springframework.test.context.support.DependencyInjectionTestExecutionListener, org.springframework.test.context.support.DirtiesContextTestExecutionListener, org.springframework.test.context.transaction.TransactionalTestExecutionListener, org.springframework.test.context.jdbc.SqlScriptsTestExecutionListener, org.springframework.test.context.event.EventPublishingTestExecutionListener]
2021-11-09 14:12:59.734  INFO 27637 --- [    Test worker] o.s.t.c.s.DefaultTestContextBootstrapper : Using TestExecutionListeners: [org.springframework.test.context.web.ServletTestExecutionListener@e3692ca, org.springframework.test.context.support.DirtiesContextBeforeModesTestExecutionListener@75adb1c0, org.springframework.test.context.event.ApplicationEventsTestExecutionListener@5cfe28e1, org.springframework.boot.test.mock.mockito.MockitoTestExecutionListener@7ac90dab, org.springframework.test.context.support.DependencyInjectionTestExecutionListener@40d370fa, org.springframework.test.context.support.DirtiesContextTestExecutionListener@5868ea91, org.springframework.test.context.transaction.TransactionalTestExecutionListener@757c685d, org.springframework.test.context.jdbc.SqlScriptsTestExecutionListener@476a970c, org.springframework.test.context.event.EventPublishingTestExecutionListener@1ce57bbb, org.springframework.boot.test.autoconfigure.restdocs.RestDocsTestExecutionListener@34626d4, org.springframework.boot.test.autoconfigure.web.client.MockRestServiceServerResetTestExecutionListener@15ee8861, org.springframework.boot.test.autoconfigure.web.servlet.MockMvcPrintOnlyOnFailureTestExecutionListener@6afaf27, org.springframework.boot.test.autoconfigure.web.servlet.WebDriverTestExecutionListener@31a024ea, org.springframework.boot.test.autoconfigure.webservices.client.MockWebServiceServerTestExecutionListener@362c48c, org.springframework.boot.test.mock.mockito.ResetMocksTestExecutionListener@62aee901]
Hello, Elodie!
Hello, Charles!
]]></system-out>
  <system-err><![CDATA[]]></system-err>
</testsuite>
